2025-10-28 08:36:56 - signal_orchestration - INFO - Starting training...
2025-10-28 08:36:56 - signal_orchestration - INFO - Configuration: conf/config_fast.yaml
2025-10-28 08:36:56 - signal_orchestration - INFO - Creating data loaders...
2025-10-28 08:36:56 - signal_orchestration - INFO - Train samples: 1758
2025-10-28 08:36:56 - signal_orchestration - INFO - Validation samples: 377
2025-10-28 08:36:56 - signal_orchestration - INFO - Test samples: 377
2025-10-28 08:36:57 - signal_orchestration - INFO - Class weights set in config: [1.4578293561935425, 0.3669593632221222, 0.7239784598350525, 1.4512327909469604]
2025-10-28 08:36:57 - signal_orchestration - INFO - Creating model...
2025-10-28 08:36:58 - signal_orchestration - INFO - Starting training loop...
2025-10-28 08:36:58 - signal_orchestration - INFO - Epoch 1/50
2025-10-28 08:37:03 - signal_orchestration - INFO - Train Loss: 1.2309, Train Acc: 0.3612
2025-10-28 08:37:03 - signal_orchestration - INFO - Val Loss: 1.3525, Val Acc: 0.1618
2025-10-28 08:37:03 - signal_orchestration - INFO - Epoch 2/50
2025-10-28 08:37:05 - signal_orchestration - INFO - Train Loss: 0.8059, Train Acc: 0.6706
2025-10-28 08:37:05 - signal_orchestration - INFO - Val Loss: 0.9919, Val Acc: 0.5729
2025-10-28 08:37:05 - signal_orchestration - INFO - Epoch 3/50
2025-10-28 08:37:08 - signal_orchestration - INFO - Train Loss: 0.6383, Train Acc: 0.8288
2025-10-28 08:37:08 - signal_orchestration - INFO - Val Loss: 0.6646, Val Acc: 0.8170
2025-10-28 08:37:08 - signal_orchestration - INFO - Epoch 4/50
2025-10-28 08:37:10 - signal_orchestration - INFO - Train Loss: 0.5657, Train Acc: 0.8811
2025-10-28 08:37:10 - signal_orchestration - INFO - Val Loss: 0.6778, Val Acc: 0.8382
2025-10-28 08:37:10 - signal_orchestration - INFO - Epoch 5/50
2025-10-28 08:37:12 - signal_orchestration - INFO - Train Loss: 0.5496, Train Acc: 0.8851
2025-10-28 08:37:12 - signal_orchestration - INFO - Val Loss: 0.6513, Val Acc: 0.7719
2025-10-28 08:37:12 - signal_orchestration - INFO - Epoch 6/50
2025-10-28 08:37:14 - signal_orchestration - INFO - Train Loss: 0.5301, Train Acc: 0.9010
2025-10-28 08:37:14 - signal_orchestration - INFO - Val Loss: 0.5930, Val Acc: 0.8302
2025-10-28 08:37:15 - signal_orchestration - INFO - Epoch 7/50
2025-10-28 08:37:17 - signal_orchestration - INFO - Train Loss: 0.5022, Train Acc: 0.8919
2025-10-28 08:37:17 - signal_orchestration - INFO - Val Loss: 0.6268, Val Acc: 0.8064
2025-10-28 08:37:17 - signal_orchestration - INFO - Epoch 8/50
2025-10-28 08:37:19 - signal_orchestration - INFO - Train Loss: 0.5014, Train Acc: 0.9005
2025-10-28 08:37:19 - signal_orchestration - INFO - Val Loss: 0.5274, Val Acc: 0.8992
2025-10-28 08:37:19 - signal_orchestration - INFO - Epoch 9/50
2025-10-28 08:37:21 - signal_orchestration - INFO - Train Loss: 0.4763, Train Acc: 0.9084
2025-10-28 08:37:21 - signal_orchestration - INFO - Val Loss: 0.4874, Val Acc: 0.9045
2025-10-28 08:37:21 - signal_orchestration - INFO - Epoch 10/50
2025-10-28 08:37:23 - signal_orchestration - INFO - Train Loss: 0.4775, Train Acc: 0.9170
2025-10-28 08:37:23 - signal_orchestration - INFO - Val Loss: 0.4283, Val Acc: 0.9178
2025-10-28 08:37:24 - signal_orchestration - INFO - Epoch 11/50
2025-10-28 08:37:26 - signal_orchestration - INFO - Train Loss: 0.4745, Train Acc: 0.9090
2025-10-28 08:37:26 - signal_orchestration - INFO - Val Loss: 0.4387, Val Acc: 0.9125
2025-10-28 08:37:26 - signal_orchestration - INFO - Epoch 12/50
2025-10-28 08:37:28 - signal_orchestration - INFO - Train Loss: 0.4561, Train Acc: 0.9170
2025-10-28 08:37:28 - signal_orchestration - INFO - Val Loss: 0.4498, Val Acc: 0.9072
2025-10-28 08:37:28 - signal_orchestration - INFO - Epoch 13/50
2025-10-28 08:37:30 - signal_orchestration - INFO - Train Loss: 0.4576, Train Acc: 0.9204
2025-10-28 08:37:30 - signal_orchestration - INFO - Val Loss: 0.4461, Val Acc: 0.9072
2025-10-28 08:37:30 - signal_orchestration - INFO - Epoch 14/50
2025-10-28 08:37:32 - signal_orchestration - INFO - Train Loss: 0.4580, Train Acc: 0.9198
2025-10-28 08:37:32 - signal_orchestration - INFO - Val Loss: 0.4254, Val Acc: 0.9284
2025-10-28 08:37:32 - signal_orchestration - INFO - Epoch 15/50
2025-10-28 08:37:35 - signal_orchestration - INFO - Train Loss: 0.4343, Train Acc: 0.9243
2025-10-28 08:37:35 - signal_orchestration - INFO - Val Loss: 0.4453, Val Acc: 0.9151
2025-10-28 08:37:35 - signal_orchestration - INFO - Epoch 16/50
2025-10-28 08:37:37 - signal_orchestration - INFO - Train Loss: 0.4330, Train Acc: 0.9272
2025-10-28 08:37:37 - signal_orchestration - INFO - Val Loss: 0.4261, Val Acc: 0.9178
2025-10-28 08:37:37 - signal_orchestration - INFO - Epoch 17/50
2025-10-28 08:37:39 - signal_orchestration - INFO - Train Loss: 0.4401, Train Acc: 0.9266
2025-10-28 08:37:39 - signal_orchestration - INFO - Val Loss: 0.4307, Val Acc: 0.9125
2025-10-28 08:37:39 - signal_orchestration - INFO - Epoch 18/50
2025-10-28 08:37:41 - signal_orchestration - INFO - Train Loss: 0.4238, Train Acc: 0.9317
2025-10-28 08:37:41 - signal_orchestration - INFO - Val Loss: 0.3976, Val Acc: 0.9231
2025-10-28 08:37:41 - signal_orchestration - INFO - Epoch 19/50
2025-10-28 08:37:44 - signal_orchestration - INFO - Train Loss: 0.4279, Train Acc: 0.9261
2025-10-28 08:37:44 - signal_orchestration - INFO - Val Loss: 0.4393, Val Acc: 0.9204
2025-10-28 08:37:44 - signal_orchestration - INFO - Epoch 20/50
2025-10-28 08:37:46 - signal_orchestration - INFO - Train Loss: 0.4190, Train Acc: 0.9420
2025-10-28 08:37:46 - signal_orchestration - INFO - Val Loss: 0.3844, Val Acc: 0.9416
2025-10-28 08:37:46 - signal_orchestration - INFO - Epoch 21/50
2025-10-28 08:37:48 - signal_orchestration - INFO - Train Loss: 0.4103, Train Acc: 0.9374
2025-10-28 08:37:48 - signal_orchestration - INFO - Val Loss: 0.3842, Val Acc: 0.9390
2025-10-28 08:37:48 - signal_orchestration - INFO - Epoch 22/50
2025-10-28 08:37:50 - signal_orchestration - INFO - Train Loss: 0.4167, Train Acc: 0.9334
2025-10-28 08:37:50 - signal_orchestration - INFO - Val Loss: 0.3997, Val Acc: 0.9337
2025-10-28 08:37:50 - signal_orchestration - INFO - Epoch 23/50
2025-10-28 08:37:53 - signal_orchestration - INFO - Train Loss: 0.4175, Train Acc: 0.9397
2025-10-28 08:37:53 - signal_orchestration - INFO - Val Loss: 0.3670, Val Acc: 0.9390
2025-10-28 08:37:53 - signal_orchestration - INFO - Epoch 24/50
2025-10-28 08:37:55 - signal_orchestration - INFO - Train Loss: 0.3995, Train Acc: 0.9408
2025-10-28 08:37:55 - signal_orchestration - INFO - Val Loss: 0.4270, Val Acc: 0.9284
2025-10-28 08:37:55 - signal_orchestration - INFO - Epoch 25/50
2025-10-28 08:37:57 - signal_orchestration - INFO - Train Loss: 0.3939, Train Acc: 0.9471
2025-10-28 08:37:57 - signal_orchestration - INFO - Val Loss: 0.3708, Val Acc: 0.9416
2025-10-28 08:37:58 - signal_orchestration - INFO - Epoch 26/50
2025-10-28 08:38:00 - signal_orchestration - INFO - Train Loss: 0.3927, Train Acc: 0.9425
2025-10-28 08:38:00 - signal_orchestration - INFO - Val Loss: 0.3621, Val Acc: 0.9416
2025-10-28 08:38:00 - signal_orchestration - INFO - Epoch 27/50
2025-10-28 08:38:02 - signal_orchestration - INFO - Train Loss: 0.3966, Train Acc: 0.9454
2025-10-28 08:38:02 - signal_orchestration - INFO - Val Loss: 0.3789, Val Acc: 0.9469
2025-10-28 08:38:02 - signal_orchestration - INFO - Epoch 28/50
2025-10-28 08:38:05 - signal_orchestration - INFO - Train Loss: 0.3857, Train Acc: 0.9477
2025-10-28 08:38:05 - signal_orchestration - INFO - Val Loss: 0.3650, Val Acc: 0.9602
2025-10-28 08:38:05 - signal_orchestration - INFO - Epoch 29/50
2025-10-28 08:38:07 - signal_orchestration - INFO - Train Loss: 0.3888, Train Acc: 0.9488
2025-10-28 08:38:07 - signal_orchestration - INFO - Val Loss: 0.3624, Val Acc: 0.9496
2025-10-28 08:38:07 - signal_orchestration - INFO - Epoch 30/50
2025-10-28 08:38:10 - signal_orchestration - INFO - Train Loss: 0.3871, Train Acc: 0.9488
2025-10-28 08:38:10 - signal_orchestration - INFO - Val Loss: 0.3537, Val Acc: 0.9523
2025-10-28 08:38:10 - signal_orchestration - INFO - Epoch 31/50
2025-10-28 08:38:12 - signal_orchestration - INFO - Train Loss: 0.3902, Train Acc: 0.9522
2025-10-28 08:38:12 - signal_orchestration - INFO - Val Loss: 0.3607, Val Acc: 0.9416
2025-10-28 08:38:12 - signal_orchestration - INFO - Epoch 32/50
2025-10-28 08:38:15 - signal_orchestration - INFO - Train Loss: 0.3825, Train Acc: 0.9545
2025-10-28 08:38:15 - signal_orchestration - INFO - Val Loss: 0.3510, Val Acc: 0.9496
2025-10-28 08:38:15 - signal_orchestration - INFO - Epoch 33/50
2025-10-28 08:38:17 - signal_orchestration - INFO - Train Loss: 0.3785, Train Acc: 0.9499
2025-10-28 08:38:17 - signal_orchestration - INFO - Val Loss: 0.3643, Val Acc: 0.9496
2025-10-28 08:38:17 - signal_orchestration - INFO - Epoch 34/50
2025-10-28 08:38:20 - signal_orchestration - INFO - Train Loss: 0.3857, Train Acc: 0.9471
2025-10-28 08:38:20 - signal_orchestration - INFO - Val Loss: 0.3489, Val Acc: 0.9496
2025-10-28 08:38:20 - signal_orchestration - INFO - Epoch 35/50
2025-10-28 08:38:23 - signal_orchestration - INFO - Train Loss: 0.3727, Train Acc: 0.9590
2025-10-28 08:38:23 - signal_orchestration - INFO - Val Loss: 0.3487, Val Acc: 0.9523
2025-10-28 08:38:23 - signal_orchestration - INFO - Epoch 36/50
2025-10-28 08:38:25 - signal_orchestration - INFO - Train Loss: 0.3738, Train Acc: 0.9516
2025-10-28 08:38:25 - signal_orchestration - INFO - Val Loss: 0.3476, Val Acc: 0.9549
2025-10-28 08:38:25 - signal_orchestration - INFO - Epoch 37/50
2025-10-28 08:38:28 - signal_orchestration - INFO - Train Loss: 0.3708, Train Acc: 0.9534
2025-10-28 08:38:28 - signal_orchestration - INFO - Val Loss: 0.3440, Val Acc: 0.9576
2025-10-28 08:38:28 - signal_orchestration - INFO - Epoch 38/50
2025-10-28 08:38:30 - signal_orchestration - INFO - Train Loss: 0.3683, Train Acc: 0.9630
2025-10-28 08:38:30 - signal_orchestration - INFO - Val Loss: 0.3455, Val Acc: 0.9549
2025-10-28 08:38:30 - signal_orchestration - INFO - Epoch 39/50
2025-10-28 08:38:33 - signal_orchestration - INFO - Train Loss: 0.3607, Train Acc: 0.9568
2025-10-28 08:38:33 - signal_orchestration - INFO - Val Loss: 0.3620, Val Acc: 0.9469
2025-10-28 08:38:33 - signal_orchestration - INFO - Epoch 40/50
2025-10-28 08:38:35 - signal_orchestration - INFO - Train Loss: 0.3699, Train Acc: 0.9608
2025-10-28 08:38:35 - signal_orchestration - INFO - Val Loss: 0.3524, Val Acc: 0.9496
2025-10-28 08:38:35 - signal_orchestration - INFO - Epoch 41/50
2025-10-28 08:38:38 - signal_orchestration - INFO - Train Loss: 0.3692, Train Acc: 0.9568
2025-10-28 08:38:38 - signal_orchestration - INFO - Val Loss: 0.3474, Val Acc: 0.9576
2025-10-28 08:38:38 - signal_orchestration - INFO - Epoch 42/50
2025-10-28 08:38:40 - signal_orchestration - INFO - Train Loss: 0.3637, Train Acc: 0.9556
2025-10-28 08:38:40 - signal_orchestration - INFO - Val Loss: 0.3410, Val Acc: 0.9549
2025-10-28 08:38:40 - signal_orchestration - INFO - Epoch 43/50
2025-10-28 08:38:42 - signal_orchestration - INFO - Train Loss: 0.3621, Train Acc: 0.9579
2025-10-28 08:38:42 - signal_orchestration - INFO - Val Loss: 0.3420, Val Acc: 0.9523
2025-10-28 08:38:42 - signal_orchestration - INFO - Epoch 44/50
2025-10-28 08:38:45 - signal_orchestration - INFO - Train Loss: 0.3636, Train Acc: 0.9630
2025-10-28 08:38:45 - signal_orchestration - INFO - Val Loss: 0.3464, Val Acc: 0.9523
2025-10-28 08:38:45 - signal_orchestration - INFO - Epoch 45/50
2025-10-28 08:38:47 - signal_orchestration - INFO - Train Loss: 0.3516, Train Acc: 0.9625
2025-10-28 08:38:47 - signal_orchestration - INFO - Val Loss: 0.3385, Val Acc: 0.9549
2025-10-28 08:38:47 - signal_orchestration - INFO - Epoch 46/50
2025-10-28 08:38:50 - signal_orchestration - INFO - Train Loss: 0.3653, Train Acc: 0.9545
2025-10-28 08:38:50 - signal_orchestration - INFO - Val Loss: 0.3377, Val Acc: 0.9549
2025-10-28 08:38:50 - signal_orchestration - INFO - Epoch 47/50
2025-10-28 08:38:52 - signal_orchestration - INFO - Train Loss: 0.3589, Train Acc: 0.9602
2025-10-28 08:38:52 - signal_orchestration - INFO - Val Loss: 0.3396, Val Acc: 0.9549
2025-10-28 08:38:52 - signal_orchestration - INFO - Epoch 48/50
2025-10-28 08:38:55 - signal_orchestration - INFO - Train Loss: 0.3579, Train Acc: 0.9590
2025-10-28 08:38:55 - signal_orchestration - INFO - Val Loss: 0.3402, Val Acc: 0.9549
2025-10-28 08:38:55 - signal_orchestration - INFO - Epoch 49/50
2025-10-28 08:38:57 - signal_orchestration - INFO - Train Loss: 0.3637, Train Acc: 0.9579
2025-10-28 08:38:57 - signal_orchestration - INFO - Val Loss: 0.3404, Val Acc: 0.9549
2025-10-28 08:38:57 - signal_orchestration - INFO - Epoch 50/50
2025-10-28 08:38:59 - signal_orchestration - INFO - Train Loss: 0.3609, Train Acc: 0.9585
2025-10-28 08:38:59 - signal_orchestration - INFO - Val Loss: 0.3390, Val Acc: 0.9549
2025-10-28 08:38:59 - signal_orchestration - INFO - Training completed!
2025-10-28 08:38:59 - signal_orchestration - INFO - Best validation loss: 0.3377
2025-10-28 10:19:32 - signal_orchestration - INFO - Starting training...
2025-10-28 10:19:32 - signal_orchestration - INFO - Configuration: conf/config_tuned.yaml
2025-10-28 10:19:32 - signal_orchestration - INFO - Creating data loaders...
2025-10-28 10:19:32 - signal_orchestration - INFO - Train samples: 1758
2025-10-28 10:19:32 - signal_orchestration - INFO - Validation samples: 377
2025-10-28 10:19:32 - signal_orchestration - INFO - Test samples: 377
2025-10-28 10:19:32 - signal_orchestration - INFO - Creating model...
2025-10-28 10:19:33 - signal_orchestration - INFO - Starting training loop...
2025-10-28 10:19:33 - signal_orchestration - INFO - Epoch 1/30
2025-10-28 10:20:21 - signal_orchestration - INFO - Train Loss: 77.0099, Train Acc: 0.4625
2025-10-28 10:20:21 - signal_orchestration - INFO - Val Loss: 131.4517, Val Acc: 0.5013
2025-10-28 10:20:21 - signal_orchestration - INFO - Epoch 2/30
2025-10-28 10:21:07 - signal_orchestration - INFO - Train Loss: 58.3844, Train Acc: 0.5592
2025-10-28 10:21:07 - signal_orchestration - INFO - Val Loss: 55.7962, Val Acc: 0.7294
2025-10-28 10:21:07 - signal_orchestration - INFO - Epoch 3/30
2025-10-28 10:21:52 - signal_orchestration - INFO - Train Loss: 58.5872, Train Acc: 0.6473
2025-10-28 10:21:52 - signal_orchestration - INFO - Val Loss: 60.5472, Val Acc: 0.7613
2025-10-28 10:21:52 - signal_orchestration - INFO - Epoch 4/30
2025-10-28 10:22:37 - signal_orchestration - INFO - Train Loss: 53.5924, Train Acc: 0.6883
2025-10-28 10:22:37 - signal_orchestration - INFO - Val Loss: 54.0696, Val Acc: 0.7347
2025-10-28 10:22:37 - signal_orchestration - INFO - Epoch 5/30
2025-10-28 10:23:21 - signal_orchestration - INFO - Train Loss: 53.9550, Train Acc: 0.7338
2025-10-28 10:23:21 - signal_orchestration - INFO - Val Loss: 56.1524, Val Acc: 0.7241
2025-10-28 10:23:21 - signal_orchestration - INFO - Epoch 6/30
2025-10-28 10:24:06 - signal_orchestration - INFO - Train Loss: 56.9470, Train Acc: 0.7395
2025-10-28 10:24:06 - signal_orchestration - INFO - Val Loss: 53.9444, Val Acc: 0.6578
2025-10-28 10:24:06 - signal_orchestration - INFO - Epoch 7/30
2025-10-28 10:24:51 - signal_orchestration - INFO - Train Loss: 56.6358, Train Acc: 0.7423
2025-10-28 10:24:51 - signal_orchestration - INFO - Val Loss: 64.1209, Val Acc: 0.6711
2025-10-28 10:24:51 - signal_orchestration - INFO - Epoch 8/30
2025-10-28 10:25:36 - signal_orchestration - INFO - Train Loss: 54.0977, Train Acc: 0.7696
2025-10-28 10:25:36 - signal_orchestration - INFO - Val Loss: 70.3834, Val Acc: 0.6976
2025-10-28 10:25:36 - signal_orchestration - INFO - Epoch 9/30
2025-10-28 10:26:21 - signal_orchestration - INFO - Train Loss: 53.3605, Train Acc: 0.7719
2025-10-28 10:26:21 - signal_orchestration - INFO - Val Loss: 58.0715, Val Acc: 0.6950
2025-10-28 10:26:21 - signal_orchestration - INFO - Epoch 10/30
2025-10-28 10:27:05 - signal_orchestration - INFO - Train Loss: 55.9175, Train Acc: 0.7639
2025-10-28 10:27:05 - signal_orchestration - INFO - Val Loss: 52.9929, Val Acc: 0.7056
2025-10-28 10:27:05 - signal_orchestration - INFO - Epoch 11/30
2025-10-28 10:27:50 - signal_orchestration - INFO - Train Loss: 57.2753, Train Acc: 0.7782
2025-10-28 10:27:50 - signal_orchestration - INFO - Val Loss: 56.9163, Val Acc: 0.7056
2025-10-28 10:27:50 - signal_orchestration - INFO - Epoch 12/30
2025-10-28 10:28:35 - signal_orchestration - INFO - Train Loss: 57.0668, Train Acc: 0.7782
2025-10-28 10:28:35 - signal_orchestration - INFO - Val Loss: 50.9979, Val Acc: 0.6764
2025-10-28 10:28:35 - signal_orchestration - INFO - Epoch 13/30
2025-10-28 10:29:20 - signal_orchestration - INFO - Train Loss: 55.1373, Train Acc: 0.7850
2025-10-28 10:29:20 - signal_orchestration - INFO - Val Loss: 58.0904, Val Acc: 0.6631
2025-10-28 10:29:20 - signal_orchestration - INFO - Epoch 14/30
2025-10-28 10:30:04 - signal_orchestration - INFO - Train Loss: 57.0407, Train Acc: 0.7821
2025-10-28 10:30:04 - signal_orchestration - INFO - Val Loss: 52.3876, Val Acc: 0.6976
2025-10-28 10:30:05 - signal_orchestration - INFO - Epoch 15/30
2025-10-28 10:30:50 - signal_orchestration - INFO - Train Loss: 54.7764, Train Acc: 0.7878
2025-10-28 10:30:50 - signal_orchestration - INFO - Val Loss: 53.5834, Val Acc: 0.6817
2025-10-28 10:30:50 - signal_orchestration - INFO - Epoch 16/30
2025-10-28 10:31:35 - signal_orchestration - INFO - Train Loss: 54.8095, Train Acc: 0.8015
2025-10-28 10:31:35 - signal_orchestration - INFO - Val Loss: 52.2286, Val Acc: 0.6658
2025-10-28 10:31:35 - signal_orchestration - INFO - Epoch 17/30
2025-10-28 10:32:20 - signal_orchestration - INFO - Train Loss: 57.9614, Train Acc: 0.7992
2025-10-28 10:32:20 - signal_orchestration - INFO - Val Loss: 59.4517, Val Acc: 0.6711
2025-10-28 10:32:20 - signal_orchestration - INFO - Epoch 18/30
2025-10-28 10:33:04 - signal_orchestration - INFO - Train Loss: 55.0182, Train Acc: 0.8015
2025-10-28 10:33:04 - signal_orchestration - INFO - Val Loss: 49.9013, Val Acc: 0.6605
2025-10-28 10:33:04 - signal_orchestration - INFO - Epoch 19/30
2025-10-28 10:33:50 - signal_orchestration - INFO - Train Loss: 53.5086, Train Acc: 0.8140
2025-10-28 10:33:50 - signal_orchestration - INFO - Val Loss: 46.9640, Val Acc: 0.6711
2025-10-28 10:33:50 - signal_orchestration - INFO - Epoch 20/30
2025-10-28 10:34:35 - signal_orchestration - INFO - Train Loss: 53.1936, Train Acc: 0.8111
2025-10-28 10:34:35 - signal_orchestration - INFO - Val Loss: 47.9059, Val Acc: 0.6790
2025-10-28 10:34:35 - signal_orchestration - INFO - Epoch 21/30
2025-10-28 10:35:20 - signal_orchestration - INFO - Train Loss: 57.7519, Train Acc: 0.8123
2025-10-28 10:35:20 - signal_orchestration - INFO - Val Loss: 61.4041, Val Acc: 0.6790
2025-10-28 10:35:20 - signal_orchestration - INFO - Epoch 22/30
2025-10-28 10:36:06 - signal_orchestration - INFO - Train Loss: 55.4586, Train Acc: 0.8094
2025-10-28 10:36:06 - signal_orchestration - INFO - Val Loss: 60.9495, Val Acc: 0.6870
2025-10-28 10:36:06 - signal_orchestration - INFO - Epoch 23/30
2025-10-28 10:36:51 - signal_orchestration - INFO - Train Loss: 54.5845, Train Acc: 0.8174
2025-10-28 10:36:51 - signal_orchestration - INFO - Val Loss: 59.1322, Val Acc: 0.6844
2025-10-28 10:36:51 - signal_orchestration - INFO - Epoch 24/30
2025-10-28 10:37:36 - signal_orchestration - INFO - Train Loss: 52.5242, Train Acc: 0.8140
2025-10-28 10:37:36 - signal_orchestration - INFO - Val Loss: 49.2396, Val Acc: 0.6844
2025-10-28 10:37:36 - signal_orchestration - INFO - Epoch 25/30
2025-10-28 10:38:20 - signal_orchestration - INFO - Train Loss: 55.5934, Train Acc: 0.8123
2025-10-28 10:38:20 - signal_orchestration - INFO - Val Loss: 47.7653, Val Acc: 0.6923
2025-10-28 10:38:20 - signal_orchestration - INFO - Epoch 26/30
2025-10-28 10:39:05 - signal_orchestration - INFO - Train Loss: 50.6317, Train Acc: 0.8197
2025-10-28 10:39:05 - signal_orchestration - INFO - Val Loss: 56.0529, Val Acc: 0.6897
2025-10-28 10:39:05 - signal_orchestration - INFO - Epoch 27/30
2025-10-28 10:39:50 - signal_orchestration - INFO - Train Loss: 52.6680, Train Acc: 0.8117
2025-10-28 10:39:50 - signal_orchestration - INFO - Val Loss: 58.3337, Val Acc: 0.6976
2025-10-28 10:39:50 - signal_orchestration - INFO - Early stopping at epoch 27
2025-10-28 10:39:50 - signal_orchestration - INFO - Training completed!
2025-10-28 10:39:50 - signal_orchestration - INFO - Best validation loss: 46.9640
