2025-11-03 00:19:17 - signal_orchestration - INFO - Starting training...
2025-11-03 00:19:17 - signal_orchestration - INFO - Configuration: conf/config_wifi_noise.yaml
2025-11-03 00:19:17 - signal_orchestration - INFO - Creating data loaders...
2025-11-03 00:19:17 - signal_orchestration - INFO - Train samples: 1758
2025-11-03 00:19:17 - signal_orchestration - INFO - Validation samples: 377
2025-11-03 00:19:17 - signal_orchestration - INFO - Test samples: 377
2025-11-03 00:19:17 - signal_orchestration - INFO - Calculating class weights for imbalanced dataset...
2025-11-03 00:19:19 - signal_orchestration - INFO - Class counts: [220.0, 1538.0]
2025-11-03 00:19:19 - signal_orchestration - INFO - Creating model...
2025-11-03 00:19:19 - signal_orchestration - INFO - Class weights: [1.7497155666351318, 0.2502844035625458]
2025-11-03 00:19:20 - signal_orchestration - INFO - Starting training loop...
2025-11-03 00:19:20 - signal_orchestration - INFO - Epoch 1/100
2025-11-03 00:19:23 - signal_orchestration - INFO - Train Loss: 80.5377, Train Acc: 0.6758
2025-11-03 00:19:23 - signal_orchestration - INFO - Val Loss: 80.2922, Val Acc: 0.7613
2025-11-03 00:19:23 - signal_orchestration - INFO - Epoch 2/100
2025-11-03 00:19:26 - signal_orchestration - INFO - Train Loss: 14.3642, Train Acc: 0.5995
2025-11-03 00:19:26 - signal_orchestration - INFO - Val Loss: 14.0087, Val Acc: 0.7745
2025-11-03 00:19:27 - signal_orchestration - INFO - Epoch 3/100
2025-11-03 00:19:30 - signal_orchestration - INFO - Train Loss: 2.1348, Train Acc: 0.5922
2025-11-03 00:19:30 - signal_orchestration - INFO - Val Loss: 8.4567, Val Acc: 0.8382
2025-11-03 00:19:30 - signal_orchestration - INFO - Epoch 4/100
2025-11-03 00:19:33 - signal_orchestration - INFO - Train Loss: 1.8410, Train Acc: 0.6769
2025-11-03 00:19:33 - signal_orchestration - INFO - Val Loss: 3.5594, Val Acc: 0.8196
2025-11-03 00:19:33 - signal_orchestration - INFO - Epoch 5/100
2025-11-03 00:19:35 - signal_orchestration - INFO - Train Loss: 1.7419, Train Acc: 0.7730
2025-11-03 00:19:35 - signal_orchestration - INFO - Val Loss: 5.8062, Val Acc: 0.8329
2025-11-03 00:19:35 - signal_orchestration - INFO - Epoch 6/100
2025-11-03 00:19:38 - signal_orchestration - INFO - Train Loss: 1.6435, Train Acc: 0.8606
2025-11-03 00:19:38 - signal_orchestration - INFO - Val Loss: 8.3558, Val Acc: 0.8992
2025-11-03 00:19:38 - signal_orchestration - INFO - Epoch 7/100
2025-11-03 00:19:41 - signal_orchestration - INFO - Train Loss: 1.5677, Train Acc: 0.8976
2025-11-03 00:19:41 - signal_orchestration - INFO - Val Loss: 2.3254, Val Acc: 0.8196
2025-11-03 00:19:41 - signal_orchestration - INFO - Epoch 8/100
2025-11-03 00:19:43 - signal_orchestration - INFO - Train Loss: 1.4088, Train Acc: 0.9170
2025-11-03 00:19:43 - signal_orchestration - INFO - Val Loss: 1.5314, Val Acc: 0.9204
2025-11-03 00:19:43 - signal_orchestration - INFO - Epoch 9/100
2025-11-03 00:19:46 - signal_orchestration - INFO - Train Loss: 1.5211, Train Acc: 0.8959
2025-11-03 00:19:46 - signal_orchestration - INFO - Val Loss: 1.1847, Val Acc: 0.8939
2025-11-03 00:19:46 - signal_orchestration - INFO - Epoch 10/100
2025-11-03 00:19:49 - signal_orchestration - INFO - Train Loss: 1.4137, Train Acc: 0.9152
2025-11-03 00:19:49 - signal_orchestration - INFO - Val Loss: 3.6598, Val Acc: 0.9045
2025-11-03 00:19:49 - signal_orchestration - INFO - Epoch 11/100
2025-11-03 00:19:51 - signal_orchestration - INFO - Train Loss: 1.5742, Train Acc: 0.9238
2025-11-03 00:19:51 - signal_orchestration - INFO - Val Loss: 0.6896, Val Acc: 0.8647
2025-11-03 00:19:52 - signal_orchestration - INFO - Epoch 12/100
2025-11-03 00:19:54 - signal_orchestration - INFO - Train Loss: 1.4190, Train Acc: 0.9118
2025-11-03 00:19:54 - signal_orchestration - INFO - Val Loss: 0.3765, Val Acc: 0.8621
2025-11-03 00:19:54 - signal_orchestration - INFO - Epoch 13/100
2025-11-03 00:19:57 - signal_orchestration - INFO - Train Loss: 1.2912, Train Acc: 0.9340
2025-11-03 00:19:57 - signal_orchestration - INFO - Val Loss: 0.7539, Val Acc: 0.9072
2025-11-03 00:19:57 - signal_orchestration - INFO - Epoch 14/100
2025-11-03 00:19:59 - signal_orchestration - INFO - Train Loss: 1.4252, Train Acc: 0.9261
2025-11-03 00:19:59 - signal_orchestration - INFO - Val Loss: 1.5836, Val Acc: 0.9178
2025-11-03 00:19:59 - signal_orchestration - INFO - Epoch 15/100
2025-11-03 00:20:02 - signal_orchestration - INFO - Train Loss: 1.4112, Train Acc: 0.9255
2025-11-03 00:20:02 - signal_orchestration - INFO - Val Loss: 2.0496, Val Acc: 0.9204
2025-11-03 00:20:02 - signal_orchestration - INFO - Epoch 16/100
2025-11-03 00:20:05 - signal_orchestration - INFO - Train Loss: 1.3369, Train Acc: 0.9352
2025-11-03 00:20:05 - signal_orchestration - INFO - Val Loss: 0.4508, Val Acc: 0.9231
2025-11-03 00:20:05 - signal_orchestration - INFO - Epoch 17/100
2025-11-03 00:20:07 - signal_orchestration - INFO - Train Loss: 1.3378, Train Acc: 0.9340
2025-11-03 00:20:07 - signal_orchestration - INFO - Val Loss: 0.5114, Val Acc: 0.9231
2025-11-03 00:20:07 - signal_orchestration - INFO - Epoch 18/100
2025-11-03 00:20:10 - signal_orchestration - INFO - Train Loss: 1.2414, Train Acc: 0.9391
2025-11-03 00:20:10 - signal_orchestration - INFO - Val Loss: 0.2740, Val Acc: 0.9151
2025-11-03 00:20:10 - signal_orchestration - INFO - Epoch 19/100
2025-11-03 00:20:13 - signal_orchestration - INFO - Train Loss: 1.2102, Train Acc: 0.9306
2025-11-03 00:20:13 - signal_orchestration - INFO - Val Loss: 0.2594, Val Acc: 0.9231
2025-11-03 00:20:13 - signal_orchestration - INFO - Epoch 20/100
2025-11-03 00:20:16 - signal_orchestration - INFO - Train Loss: 1.1768, Train Acc: 0.9425
2025-11-03 00:20:16 - signal_orchestration - INFO - Val Loss: 1.0393, Val Acc: 0.9390
2025-11-03 00:20:16 - signal_orchestration - INFO - Epoch 21/100
2025-11-03 00:20:19 - signal_orchestration - INFO - Train Loss: 1.2756, Train Acc: 0.9346
2025-11-03 00:20:19 - signal_orchestration - INFO - Val Loss: 0.2515, Val Acc: 0.9310
2025-11-03 00:20:19 - signal_orchestration - INFO - Epoch 22/100
2025-11-03 00:20:22 - signal_orchestration - INFO - Train Loss: 1.2115, Train Acc: 0.9425
2025-11-03 00:20:22 - signal_orchestration - INFO - Val Loss: 0.2988, Val Acc: 0.9231
2025-11-03 00:20:22 - signal_orchestration - INFO - Epoch 23/100
2025-11-03 00:20:24 - signal_orchestration - INFO - Train Loss: 1.3370, Train Acc: 0.9488
2025-11-03 00:20:24 - signal_orchestration - INFO - Val Loss: 0.2176, Val Acc: 0.9310
2025-11-03 00:20:24 - signal_orchestration - INFO - Epoch 24/100
2025-11-03 00:20:27 - signal_orchestration - INFO - Train Loss: 1.2460, Train Acc: 0.9556
2025-11-03 00:20:27 - signal_orchestration - INFO - Val Loss: 0.2970, Val Acc: 0.9310
2025-11-03 00:20:27 - signal_orchestration - INFO - Epoch 25/100
2025-11-03 00:20:30 - signal_orchestration - INFO - Train Loss: 1.2126, Train Acc: 0.9346
2025-11-03 00:20:30 - signal_orchestration - INFO - Val Loss: 0.6178, Val Acc: 0.9310
2025-11-03 00:20:30 - signal_orchestration - INFO - Epoch 26/100
2025-11-03 00:20:32 - signal_orchestration - INFO - Train Loss: 1.0760, Train Acc: 0.9602
2025-11-03 00:20:32 - signal_orchestration - INFO - Val Loss: 0.8495, Val Acc: 0.9416
2025-11-03 00:20:32 - signal_orchestration - INFO - Epoch 27/100
2025-11-03 00:20:35 - signal_orchestration - INFO - Train Loss: 1.2931, Train Acc: 0.9642
2025-11-03 00:20:35 - signal_orchestration - INFO - Val Loss: 0.3407, Val Acc: 0.9363
2025-11-03 00:20:35 - signal_orchestration - INFO - Epoch 28/100
2025-11-03 00:20:38 - signal_orchestration - INFO - Train Loss: 1.1775, Train Acc: 0.9505
2025-11-03 00:20:38 - signal_orchestration - INFO - Val Loss: 0.5767, Val Acc: 0.9496
2025-11-03 00:20:38 - signal_orchestration - INFO - Epoch 29/100
2025-11-03 00:20:40 - signal_orchestration - INFO - Train Loss: 1.1203, Train Acc: 0.9602
2025-11-03 00:20:40 - signal_orchestration - INFO - Val Loss: 0.5325, Val Acc: 0.9443
2025-11-03 00:20:40 - signal_orchestration - INFO - Epoch 30/100
2025-11-03 00:20:43 - signal_orchestration - INFO - Train Loss: 1.1389, Train Acc: 0.9556
2025-11-03 00:20:43 - signal_orchestration - INFO - Val Loss: 0.2395, Val Acc: 0.9337
2025-11-03 00:20:43 - signal_orchestration - INFO - Epoch 31/100
2025-11-03 00:20:46 - signal_orchestration - INFO - Train Loss: 1.2363, Train Acc: 0.9562
2025-11-03 00:20:46 - signal_orchestration - INFO - Val Loss: 0.7755, Val Acc: 0.9496
2025-11-03 00:20:46 - signal_orchestration - INFO - Epoch 32/100
2025-11-03 00:20:48 - signal_orchestration - INFO - Train Loss: 1.1863, Train Acc: 0.9477
2025-11-03 00:20:48 - signal_orchestration - INFO - Val Loss: 0.9267, Val Acc: 0.9363
2025-11-03 00:20:48 - signal_orchestration - INFO - Epoch 33/100
2025-11-03 00:20:51 - signal_orchestration - INFO - Train Loss: 1.0551, Train Acc: 0.9590
2025-11-03 00:20:51 - signal_orchestration - INFO - Val Loss: 0.3875, Val Acc: 0.9549
2025-11-03 00:20:51 - signal_orchestration - INFO - Epoch 34/100
2025-11-03 00:20:54 - signal_orchestration - INFO - Train Loss: 1.1282, Train Acc: 0.9613
2025-11-03 00:20:54 - signal_orchestration - INFO - Val Loss: 0.2569, Val Acc: 0.8833
2025-11-03 00:20:54 - signal_orchestration - INFO - Epoch 35/100
2025-11-03 00:20:58 - signal_orchestration - INFO - Train Loss: 1.1751, Train Acc: 0.9511
2025-11-03 00:20:58 - signal_orchestration - INFO - Val Loss: 0.1358, Val Acc: 0.9390
2025-11-03 00:20:58 - signal_orchestration - INFO - Epoch 36/100
2025-11-03 00:21:01 - signal_orchestration - INFO - Train Loss: 1.1715, Train Acc: 0.9619
2025-11-03 00:21:01 - signal_orchestration - INFO - Val Loss: 0.4449, Val Acc: 0.9523
2025-11-03 00:21:01 - signal_orchestration - INFO - Epoch 37/100
2025-11-03 00:21:04 - signal_orchestration - INFO - Train Loss: 1.0692, Train Acc: 0.9545
2025-11-03 00:21:04 - signal_orchestration - INFO - Val Loss: 0.3149, Val Acc: 0.9443
2025-11-03 00:21:04 - signal_orchestration - INFO - Epoch 38/100
2025-11-03 00:21:06 - signal_orchestration - INFO - Train Loss: 1.1025, Train Acc: 0.9551
2025-11-03 00:21:06 - signal_orchestration - INFO - Val Loss: 0.2570, Val Acc: 0.9443
2025-11-03 00:21:06 - signal_orchestration - INFO - Epoch 39/100
2025-11-03 00:21:09 - signal_orchestration - INFO - Train Loss: 1.0654, Train Acc: 0.9471
2025-11-03 00:21:09 - signal_orchestration - INFO - Val Loss: 0.5400, Val Acc: 0.9416
2025-11-03 00:21:10 - signal_orchestration - INFO - Epoch 40/100
2025-11-03 00:21:13 - signal_orchestration - INFO - Train Loss: 1.0884, Train Acc: 0.9630
2025-11-03 00:21:13 - signal_orchestration - INFO - Val Loss: 0.1450, Val Acc: 0.9549
2025-11-03 00:21:13 - signal_orchestration - INFO - Epoch 41/100
2025-11-03 00:21:16 - signal_orchestration - INFO - Train Loss: 1.0795, Train Acc: 0.9602
2025-11-03 00:21:16 - signal_orchestration - INFO - Val Loss: 0.1081, Val Acc: 0.9576
2025-11-03 00:21:16 - signal_orchestration - INFO - Epoch 42/100
2025-11-03 00:21:19 - signal_orchestration - INFO - Train Loss: 1.0753, Train Acc: 0.9664
2025-11-03 00:21:19 - signal_orchestration - INFO - Val Loss: 0.1671, Val Acc: 0.9576
2025-11-03 00:21:19 - signal_orchestration - INFO - Epoch 43/100
2025-11-03 00:21:22 - signal_orchestration - INFO - Train Loss: 1.0326, Train Acc: 0.9602
2025-11-03 00:21:22 - signal_orchestration - INFO - Val Loss: 0.2434, Val Acc: 0.9416
2025-11-03 00:21:22 - signal_orchestration - INFO - Epoch 44/100
2025-11-03 00:21:24 - signal_orchestration - INFO - Train Loss: 0.9812, Train Acc: 0.9681
2025-11-03 00:21:24 - signal_orchestration - INFO - Val Loss: 0.3671, Val Acc: 0.9469
2025-11-03 00:21:24 - signal_orchestration - INFO - Epoch 45/100
2025-11-03 00:21:27 - signal_orchestration - INFO - Train Loss: 1.0744, Train Acc: 0.9704
2025-11-03 00:21:27 - signal_orchestration - INFO - Val Loss: 0.2708, Val Acc: 0.9549
2025-11-03 00:21:27 - signal_orchestration - INFO - Epoch 46/100
2025-11-03 00:21:30 - signal_orchestration - INFO - Train Loss: 0.9825, Train Acc: 0.9659
2025-11-03 00:21:30 - signal_orchestration - INFO - Val Loss: 0.1300, Val Acc: 0.9576
2025-11-03 00:21:30 - signal_orchestration - INFO - Epoch 47/100
2025-11-03 00:21:32 - signal_orchestration - INFO - Train Loss: 1.0166, Train Acc: 0.9619
2025-11-03 00:21:32 - signal_orchestration - INFO - Val Loss: 0.2372, Val Acc: 0.9523
2025-11-03 00:21:32 - signal_orchestration - INFO - Epoch 48/100
2025-11-03 00:21:35 - signal_orchestration - INFO - Train Loss: 1.0949, Train Acc: 0.9636
2025-11-03 00:21:35 - signal_orchestration - INFO - Val Loss: 0.2871, Val Acc: 0.9496
2025-11-03 00:21:35 - signal_orchestration - INFO - Epoch 49/100
2025-11-03 00:21:38 - signal_orchestration - INFO - Train Loss: 1.0535, Train Acc: 0.9596
2025-11-03 00:21:38 - signal_orchestration - INFO - Val Loss: 0.1240, Val Acc: 0.9416
2025-11-03 00:21:38 - signal_orchestration - INFO - Epoch 50/100
2025-11-03 00:21:41 - signal_orchestration - INFO - Train Loss: 1.0499, Train Acc: 0.9619
2025-11-03 00:21:41 - signal_orchestration - INFO - Val Loss: 0.1496, Val Acc: 0.9284
2025-11-03 00:21:41 - signal_orchestration - INFO - Epoch 51/100
2025-11-03 00:21:44 - signal_orchestration - INFO - Train Loss: 1.1819, Train Acc: 0.9647
2025-11-03 00:21:44 - signal_orchestration - INFO - Val Loss: 0.5596, Val Acc: 0.9602
2025-11-03 00:21:44 - signal_orchestration - INFO - Epoch 52/100
2025-11-03 00:21:47 - signal_orchestration - INFO - Train Loss: 0.9973, Train Acc: 0.9710
2025-11-03 00:21:47 - signal_orchestration - INFO - Val Loss: 0.3039, Val Acc: 0.9549
2025-11-03 00:21:47 - signal_orchestration - INFO - Epoch 53/100
2025-11-03 00:21:50 - signal_orchestration - INFO - Train Loss: 1.0060, Train Acc: 0.9664
2025-11-03 00:21:50 - signal_orchestration - INFO - Val Loss: 0.3380, Val Acc: 0.9549
2025-11-03 00:21:50 - signal_orchestration - INFO - Epoch 54/100
2025-11-03 00:21:53 - signal_orchestration - INFO - Train Loss: 0.9653, Train Acc: 0.9710
2025-11-03 00:21:53 - signal_orchestration - INFO - Val Loss: 0.2247, Val Acc: 0.9602
2025-11-03 00:21:53 - signal_orchestration - INFO - Epoch 55/100
2025-11-03 00:21:55 - signal_orchestration - INFO - Train Loss: 1.0156, Train Acc: 0.9721
2025-11-03 00:21:55 - signal_orchestration - INFO - Val Loss: 0.4493, Val Acc: 0.9602
2025-11-03 00:21:55 - signal_orchestration - INFO - Epoch 56/100
2025-11-03 00:21:58 - signal_orchestration - INFO - Train Loss: 1.0221, Train Acc: 0.9659
2025-11-03 00:21:58 - signal_orchestration - INFO - Val Loss: 0.1430, Val Acc: 0.9549
2025-11-03 00:21:58 - signal_orchestration - INFO - Epoch 57/100
2025-11-03 00:22:01 - signal_orchestration - INFO - Train Loss: 1.0179, Train Acc: 0.9716
2025-11-03 00:22:01 - signal_orchestration - INFO - Val Loss: 0.2538, Val Acc: 0.9629
2025-11-03 00:22:01 - signal_orchestration - INFO - Epoch 58/100
2025-11-03 00:22:03 - signal_orchestration - INFO - Train Loss: 1.0072, Train Acc: 0.9721
2025-11-03 00:22:03 - signal_orchestration - INFO - Val Loss: 0.1104, Val Acc: 0.9523
2025-11-03 00:22:03 - signal_orchestration - INFO - Epoch 59/100
2025-11-03 00:22:06 - signal_orchestration - INFO - Train Loss: 1.0364, Train Acc: 0.9676
2025-11-03 00:22:06 - signal_orchestration - INFO - Val Loss: 0.0874, Val Acc: 0.9549
2025-11-03 00:22:07 - signal_orchestration - INFO - Epoch 60/100
2025-11-03 00:22:09 - signal_orchestration - INFO - Train Loss: 0.9645, Train Acc: 0.9681
2025-11-03 00:22:09 - signal_orchestration - INFO - Val Loss: 0.0954, Val Acc: 0.9655
2025-11-03 00:22:09 - signal_orchestration - INFO - Epoch 61/100
2025-11-03 00:22:13 - signal_orchestration - INFO - Train Loss: 1.1140, Train Acc: 0.9744
2025-11-03 00:22:13 - signal_orchestration - INFO - Val Loss: 0.0712, Val Acc: 0.9576
2025-11-03 00:22:13 - signal_orchestration - INFO - Epoch 62/100
2025-11-03 00:22:16 - signal_orchestration - INFO - Train Loss: 0.8900, Train Acc: 0.9721
2025-11-03 00:22:16 - signal_orchestration - INFO - Val Loss: 0.1649, Val Acc: 0.9602
2025-11-03 00:22:16 - signal_orchestration - INFO - Epoch 63/100
2025-11-03 00:22:19 - signal_orchestration - INFO - Train Loss: 0.9713, Train Acc: 0.9676
2025-11-03 00:22:19 - signal_orchestration - INFO - Val Loss: 0.1046, Val Acc: 0.9523
2025-11-03 00:22:19 - signal_orchestration - INFO - Epoch 64/100
2025-11-03 00:22:23 - signal_orchestration - INFO - Train Loss: 0.9985, Train Acc: 0.9659
2025-11-03 00:22:23 - signal_orchestration - INFO - Val Loss: 0.2544, Val Acc: 0.9576
2025-11-03 00:22:23 - signal_orchestration - INFO - Epoch 65/100
2025-11-03 00:22:27 - signal_orchestration - INFO - Train Loss: 0.8963, Train Acc: 0.9744
2025-11-03 00:22:27 - signal_orchestration - INFO - Val Loss: 0.0660, Val Acc: 0.9655
2025-11-03 00:22:27 - signal_orchestration - INFO - Epoch 66/100
2025-11-03 00:22:30 - signal_orchestration - INFO - Train Loss: 0.9253, Train Acc: 0.9772
2025-11-03 00:22:30 - signal_orchestration - INFO - Val Loss: 0.1544, Val Acc: 0.9655
2025-11-03 00:22:30 - signal_orchestration - INFO - Epoch 67/100
2025-11-03 00:22:33 - signal_orchestration - INFO - Train Loss: 1.0172, Train Acc: 0.9755
2025-11-03 00:22:33 - signal_orchestration - INFO - Val Loss: 0.1906, Val Acc: 0.9629
2025-11-03 00:22:33 - signal_orchestration - INFO - Epoch 68/100
2025-11-03 00:22:37 - signal_orchestration - INFO - Train Loss: 0.9437, Train Acc: 0.9733
2025-11-03 00:22:37 - signal_orchestration - INFO - Val Loss: 0.1289, Val Acc: 0.9602
2025-11-03 00:22:37 - signal_orchestration - INFO - Epoch 69/100
2025-11-03 00:22:40 - signal_orchestration - INFO - Train Loss: 0.9437, Train Acc: 0.9738
2025-11-03 00:22:40 - signal_orchestration - INFO - Val Loss: 0.0818, Val Acc: 0.9602
2025-11-03 00:22:40 - signal_orchestration - INFO - Epoch 70/100
2025-11-03 00:22:43 - signal_orchestration - INFO - Train Loss: 0.9785, Train Acc: 0.9744
2025-11-03 00:22:43 - signal_orchestration - INFO - Val Loss: 0.1475, Val Acc: 0.9549
2025-11-03 00:22:43 - signal_orchestration - INFO - Epoch 71/100
2025-11-03 00:22:45 - signal_orchestration - INFO - Train Loss: 1.0001, Train Acc: 0.9653
2025-11-03 00:22:45 - signal_orchestration - INFO - Val Loss: 0.1981, Val Acc: 0.9549
2025-11-03 00:22:46 - signal_orchestration - INFO - Epoch 72/100
2025-11-03 00:22:49 - signal_orchestration - INFO - Train Loss: 0.8974, Train Acc: 0.9710
2025-11-03 00:22:49 - signal_orchestration - INFO - Val Loss: 0.1960, Val Acc: 0.9629
2025-11-03 00:22:49 - signal_orchestration - INFO - Epoch 73/100
2025-11-03 00:22:52 - signal_orchestration - INFO - Train Loss: 0.8829, Train Acc: 0.9721
2025-11-03 00:22:52 - signal_orchestration - INFO - Val Loss: 0.0674, Val Acc: 0.9602
2025-11-03 00:22:52 - signal_orchestration - INFO - Epoch 74/100
2025-11-03 00:22:55 - signal_orchestration - INFO - Train Loss: 0.9835, Train Acc: 0.9710
2025-11-03 00:22:55 - signal_orchestration - INFO - Val Loss: 0.0917, Val Acc: 0.9602
2025-11-03 00:22:55 - signal_orchestration - INFO - Epoch 75/100
2025-11-03 00:22:59 - signal_orchestration - INFO - Train Loss: 0.9893, Train Acc: 0.9772
2025-11-03 00:22:59 - signal_orchestration - INFO - Val Loss: 0.1548, Val Acc: 0.9708
2025-11-03 00:22:59 - signal_orchestration - INFO - Epoch 76/100
2025-11-03 00:23:02 - signal_orchestration - INFO - Train Loss: 0.8912, Train Acc: 0.9738
2025-11-03 00:23:02 - signal_orchestration - INFO - Val Loss: 0.2375, Val Acc: 0.9629
2025-11-03 00:23:02 - signal_orchestration - INFO - Epoch 77/100
2025-11-03 00:23:05 - signal_orchestration - INFO - Train Loss: 0.9718, Train Acc: 0.9812
2025-11-03 00:23:05 - signal_orchestration - INFO - Val Loss: 0.0745, Val Acc: 0.9682
2025-11-03 00:23:05 - signal_orchestration - INFO - Epoch 78/100
2025-11-03 00:23:09 - signal_orchestration - INFO - Train Loss: 0.9173, Train Acc: 0.9790
2025-11-03 00:23:09 - signal_orchestration - INFO - Val Loss: 0.1636, Val Acc: 0.9682
2025-11-03 00:23:09 - signal_orchestration - INFO - Epoch 79/100
2025-11-03 00:23:11 - signal_orchestration - INFO - Train Loss: 0.8591, Train Acc: 0.9801
2025-11-03 00:23:11 - signal_orchestration - INFO - Val Loss: 0.0740, Val Acc: 0.9682
2025-11-03 00:23:11 - signal_orchestration - INFO - Epoch 80/100
2025-11-03 00:23:15 - signal_orchestration - INFO - Train Loss: 0.8757, Train Acc: 0.9790
2025-11-03 00:23:15 - signal_orchestration - INFO - Val Loss: 0.1894, Val Acc: 0.9682
2025-11-03 00:23:15 - signal_orchestration - INFO - Epoch 81/100
2025-11-03 00:23:18 - signal_orchestration - INFO - Train Loss: 0.8852, Train Acc: 0.9801
2025-11-03 00:23:18 - signal_orchestration - INFO - Val Loss: 0.1076, Val Acc: 0.9682
2025-11-03 00:23:18 - signal_orchestration - INFO - Epoch 82/100
2025-11-03 00:23:21 - signal_orchestration - INFO - Train Loss: 0.9115, Train Acc: 0.9790
2025-11-03 00:23:21 - signal_orchestration - INFO - Val Loss: 0.0750, Val Acc: 0.9682
2025-11-03 00:23:21 - signal_orchestration - INFO - Epoch 83/100
2025-11-03 00:23:23 - signal_orchestration - INFO - Train Loss: 0.8751, Train Acc: 0.9738
2025-11-03 00:23:23 - signal_orchestration - INFO - Val Loss: 0.2284, Val Acc: 0.9655
2025-11-03 00:23:23 - signal_orchestration - INFO - Epoch 84/100
2025-11-03 00:23:26 - signal_orchestration - INFO - Train Loss: 0.8585, Train Acc: 0.9784
2025-11-03 00:23:26 - signal_orchestration - INFO - Val Loss: 0.1488, Val Acc: 0.9682
2025-11-03 00:23:26 - signal_orchestration - INFO - Epoch 85/100
2025-11-03 00:23:29 - signal_orchestration - INFO - Train Loss: 0.8727, Train Acc: 0.9784
2025-11-03 00:23:29 - signal_orchestration - INFO - Val Loss: 0.1308, Val Acc: 0.9682
2025-11-03 00:23:29 - signal_orchestration - INFO - Early stopping at epoch 85
2025-11-03 00:23:29 - signal_orchestration - INFO - Training completed!
2025-11-03 00:23:29 - signal_orchestration - INFO - Best validation loss: 0.0660
2025-11-03 00:23:29 - signal_orchestration - INFO - ============================================================
2025-11-03 00:23:29 - signal_orchestration - INFO - Starting automatic evaluation...
2025-11-03 00:23:29 - signal_orchestration - INFO - ============================================================
2025-11-03 00:23:30 - signal_orchestration - INFO - Loading best checkpoint: checkpoints/best_checkpoint.pth
2025-11-03 00:23:30 - signal_orchestration - INFO - Checkpoint loaded from epoch 64
2025-11-03 00:23:30 - signal_orchestration - INFO - Evaluating on test set...
2025-11-03 00:23:30 - signal_orchestration - INFO - Evaluating on test set...
2025-11-03 00:23:30 - signal_orchestration - INFO - test Results:
2025-11-03 00:23:30 - signal_orchestration - INFO -   Accuracy: 0.9629
2025-11-03 00:23:30 - signal_orchestration - INFO -   F1 Score (macro): 0.9243
2025-11-03 00:23:30 - signal_orchestration - INFO -   SNR MAE: 0.3227
2025-11-03 00:23:30 - signal_orchestration - INFO -   SNR R²: 0.0000
2025-11-03 00:23:30 - signal_orchestration - INFO - Generating evaluation plots and reports...
2025-11-03 00:23:32 - signal_orchestration - INFO - 
2025-11-03 00:23:32 - signal_orchestration - INFO - ============================================================
2025-11-03 00:23:32 - signal_orchestration - INFO - EVALUATION SUMMARY
2025-11-03 00:23:32 - signal_orchestration - INFO - ============================================================
2025-11-03 00:23:32 - signal_orchestration - INFO - 
2025-11-03 00:23:32 - signal_orchestration - INFO - TEST SET:
2025-11-03 00:23:32 - signal_orchestration - INFO -   Accuracy: 0.9629
2025-11-03 00:23:32 - signal_orchestration - INFO -   F1 Score (macro): 0.9243
2025-11-03 00:23:32 - signal_orchestration - INFO -   Precision (macro): 0.8852
2025-11-03 00:23:32 - signal_orchestration - INFO -   Recall (macro): 0.9788
2025-11-03 00:23:32 - signal_orchestration - INFO -   SNR MAE: 0.3227
2025-11-03 00:23:32 - signal_orchestration - INFO -   SNR MSE: 0.1683
2025-11-03 00:23:32 - signal_orchestration - INFO -   SNR R²: 0.0000
2025-11-03 00:23:32 - signal_orchestration - INFO - 
2025-11-03 00:23:32 - signal_orchestration - INFO - Results saved to: logs/evaluation
2025-11-03 00:23:32 - signal_orchestration - INFO - Evaluation completed!
